<?xml version="1.0" encoding="UTF-8"?>
<coverage generated="1776968161508" clover="3.2.0">
  <project timestamp="1776968161508" name="All files">
    <metrics statements="3" coveredstatements="3" conditionals="2" coveredconditionals="2" methods="3" coveredmethods="3" elements="8" coveredelements="8" complexity="0" loc="3" ncloc="3" packages="1" files="1" classes="1"/>
    <file name="utils.js" path="/Users/bohdan/Desktop/nulp/lab1/src/utils.js">
      <metrics statements="3" coveredstatements="3" conditionals="2" coveredconditionals="2" methods="3" coveredmethods="3"/>
      <line num="2" count="2" type="stmt"/>
      <line num="6" count="2" type="stmt"/>
      <line num="10" count="3" type="cond" truecount="2" falsecount="0"/>
    </file>
  </project>
</coverage>
