{"/Users/bohdan/Desktop/nulp/lab1/src/utils.js": {"path":"/Users/bohdan/Desktop/nulp/lab1/src/utils.js","statementMap":{"0":{"start":{"line":2,"column":2},"end":{"line":2,"column":null}},"1":{"start":{"line":6,"column":2},"end":{"line":6,"column":null}},"2":{"start":{"line":10,"column":2},"end":{"line":10,"column":null}}},"fnMap":{"0":{"name":"add","decl":{"start":{"line":1,"column":16},"end":{"line":1,"column":19}},"loc":{"start":{"line":1,"column":26},"end":{"line":3,"column":null}},"line":1},"1":{"name":"subtract","decl":{"start":{"line":5,"column":16},"end":{"line":5,"column":24}},"loc":{"start":{"line":5,"column":31},"end":{"line":7,"column":null}},"line":5},"2":{"name":"validateEmail","decl":{"start":{"line":9,"column":16},"end":{"line":9,"column":29}},"loc":{"start":{"line":9,"column":37},"end":{"line":11,"column":null}},"line":9}},"branchMap":{"0":{"loc":{"start":{"line":10,"column":9},"end":{"line":10,"column":51}},"type":"binary-expr","locations":[{"start":{"line":10,"column":9},"end":{"line":10,"column":28}},{"start":{"line":10,"column":32},"end":{"line":10,"column":51}}],"line":10}},"s":{"0":2,"1":2,"2":3},"f":{"0":2,"1":2,"2":3},"b":{"0":[3,2]},"meta":{"lastBranch":1,"lastFunction":3,"lastStatement":3,"seen":{"f:1:16:1:19":0,"s:2:2:2:Infinity":0,"f:5:16:5:24":1,"s:6:2:6:Infinity":1,"f:9:16:9:29":2,"s:10:2:10:Infinity":2,"b:10:9:10:28:10:32:10:51":0}}}
}
